C:\USERS\SATORU\DOCUMENTS\VISUAL STUDIO 2012\PROJECTS\PRINTSEL\PRINTSEL\DEBUG\PLUGINMAIN.OBJ
C:\USERS\SATORU\DOCUMENTS\VISUAL STUDIO 2012\PROJECTS\PRINTSEL\PRINTSEL\DEBUG\PRINTSEL.OBJ
C:\USERS\SATORU\DOCUMENTS\VISUAL STUDIO 2012\PROJECTS\PRINTSEL\PRINTSEL\DEBUG\PRINTSEL.PDB
C:\USERS\SATORU\DOCUMENTS\VISUAL STUDIO 2012\PROJECTS\PRINTSEL\PRINTSEL\DEBUG\PRINTSEL.ILK
C:\USERS\SATORU\DOCUMENTS\VISUAL STUDIO 2012\PROJECTS\PRINTSEL\PRINTSEL\DEBUG\PRINTSEL.MLL
C:\Users\Satoru\Documents\Visual Studio 2012\Projects\printSel\printSel\Debug\printSel.lib
C:\Users\Satoru\Documents\Visual Studio 2012\Projects\printSel\printSel\Debug\printSel.exp
C:\Users\Satoru\Documents\Visual Studio 2012\Projects\printSel\printSel\Debug\pluginMain.obj
C:\Users\Satoru\Documents\Visual Studio 2012\Projects\printSel\printSel\Debug\printSel.obj
C:\Users\Satoru\Documents\Visual Studio 2012\Projects\printSel\printSel\Debug\printSel.ilk
C:\Users\Satoru\Documents\Visual Studio 2012\Projects\printSel\printSel\Debug\cl.command.1.tlog
C:\Users\Satoru\Documents\Visual Studio 2012\Projects\printSel\printSel\Debug\CL.read.1.tlog
C:\Users\Satoru\Documents\Visual Studio 2012\Projects\printSel\printSel\Debug\CL.write.1.tlog
C:\Users\Satoru\Documents\Visual Studio 2012\Projects\printSel\printSel\Debug\link-cvtres.read.1.tlog
C:\Users\Satoru\Documents\Visual Studio 2012\Projects\printSel\printSel\Debug\link-cvtres.write.1.tlog
C:\Users\Satoru\Documents\Visual Studio 2012\Projects\printSel\printSel\Debug\link-rc.read.1.tlog
C:\Users\Satoru\Documents\Visual Studio 2012\Projects\printSel\printSel\Debug\link-rc.write.1.tlog
C:\Users\Satoru\Documents\Visual Studio 2012\Projects\printSel\printSel\Debug\link.command.1.tlog
C:\Users\Satoru\Documents\Visual Studio 2012\Projects\printSel\printSel\Debug\link.read.1.tlog
C:\Users\Satoru\Documents\Visual Studio 2012\Projects\printSel\printSel\Debug\link.write.1.tlog
C:\Users\Satoru\Documents\Visual Studio 2012\Projects\printSel\printSel\Debug\printSel.write.1.tlog
C:\Users\Satoru\Documents\Visual Studio 2012\Projects\printSel\printSel\Debug\printSel.idb
C:\Users\Satoru\Documents\Visual Studio 2012\Projects\printSel\printSel\Debug\printsel.pdb
C:\Users\Satoru\Documents\Visual Studio 2012\Projects\printSel\printSel\Debug\printSel.mll
