E:\CPP\MAYAAPI\UNDOIT\UNDOIT\UNDOIT\DEBUG\PLUGINMAIN.OBJ
E:\CPP\MAYAAPI\UNDOIT\UNDOIT\UNDOIT\DEBUG\UNDOIT.OBJ
E:\CPP\MAYAAPI\UNDOIT\UNDOIT\UNDOIT\DEBUG\UNDOIT.PDB
E:\CPP\MAYAAPI\UNDOIT\UNDOIT\UNDOIT\DEBUG\UNDOIT.ILK
E:\CPP\MAYAAPI\UNDOIT\UNDOIT\UNDOIT\DEBUG\UNDOIT.MLL
E:\CPP\MayaApi\undoIt\undoIt\undoIt\Debug\undoIt.lib
E:\CPP\MayaApi\undoIt\undoIt\undoIt\Debug\undoIt.exp
E:\CPP\MayaApi\undoIt\undoIt\undoIt\Debug\pluginMain.obj
E:\CPP\MayaApi\undoIt\undoIt\undoIt\Debug\undoIt.obj
E:\CPP\MayaApi\undoIt\undoIt\undoIt\Debug\undoIt.ilk
E:\CPP\MayaApi\undoIt\undoIt\undoIt\Debug\cl.command.1.tlog
E:\CPP\MayaApi\undoIt\undoIt\undoIt\Debug\CL.read.1.tlog
E:\CPP\MayaApi\undoIt\undoIt\undoIt\Debug\CL.write.1.tlog
E:\CPP\MayaApi\undoIt\undoIt\undoIt\Debug\link-cvtres.read.1.tlog
E:\CPP\MayaApi\undoIt\undoIt\undoIt\Debug\link-cvtres.write.1.tlog
E:\CPP\MayaApi\undoIt\undoIt\undoIt\Debug\link-rc.read.1.tlog
E:\CPP\MayaApi\undoIt\undoIt\undoIt\Debug\link-rc.write.1.tlog
E:\CPP\MayaApi\undoIt\undoIt\undoIt\Debug\link.command.1.tlog
E:\CPP\MayaApi\undoIt\undoIt\undoIt\Debug\link.read.1.tlog
E:\CPP\MayaApi\undoIt\undoIt\undoIt\Debug\link.write.1.tlog
E:\CPP\MayaApi\undoIt\undoIt\undoIt\Debug\undoIt.write.1.tlog
E:\CPP\MayaApi\undoIt\undoIt\undoIt\Debug\undoIt.idb
E:\CPP\MayaApi\undoIt\undoIt\undoIt\Debug\undoit.pdb
E:\CPP\MayaApi\undoIt\undoIt\undoIt\Debug\undoIt.mll
